La génération a démarré 12/10/2011 18:30:27.
     1>Projet "C:\Documents and Settings\icom\Mes documents\duff-si\duff-si\3D.vcxproj" sur le nœud 2 (build cible(s)).
     1>InitializeBuildStatus:
         Mise à jour de l'horodatage "Release\3D.unsuccessfulbuild".
       ClCompile:
         d:\Program Files\Microsoft Visual Studio 10.0\VC\bin\CL.exe /c /AI"C:\Program Files\Reference Assemblies\Microsoft\Framework\.NETFramework\v4.0" /Zi /clr:oldSyntax /nologo /W3 /WX- /O2 /Oy- /D WIN32 /D NDEBUG /D _VC80_UPGRADE=0x0710 /D _MBCS /Gm- /EHa /MD /GS /fp:precise /Zc:wchar_t /Zc:forScope /Fo"Release\\" /Fd"Release\vc100.pdb" /TP /analyze- /errorReport:prompt blend.cpp blob.cpp blobblend.cpp blobvertex.cpp box.cpp opengl.cpp quad.cpp /clr:nostdlib 
     1>cl : Ligne de commande warning D9035: l'option 'clr:oldsyntax' est déconseillée et sera supprimée dans une version ultérieure
         blend.cpp
         blob.cpp
         blobblend.cpp
         blobvertex.cpp
         box.cpp
         opengl.cpp
         quad.cpp
         Génération de code en cours...
       Link:
         d:\Program Files\Microsoft Visual Studio 10.0\VC\bin\link.exe /ERRORREPORT:PROMPT /OUT:"C:\Documents and Settings\icom\Mes documents\duff-si\duff-si\Release\3D.exe" /INCREMENTAL:NO /NOLOGO kernel32.lib user32.lib gdi32.lib winspool.lib comdlg32.lib advapi32.lib shell32.lib ole32.lib oleaut32.lib uuid.lib odbc32.lib odbccp32.lib /MANIFEST /ManifestFile:"Release\3D.exe.intermediate.manifest" /MANIFESTUAC:"level='asInvoker' uiAccess='false'" /DEBUG /PDB:"C:\Documents and Settings\icom\Mes documents\duff-si\duff-si\Release\3D.pdb" /TLBID:1 /DYNAMICBASE:NO /FIXED:NO /MACHINE:X86 Release\blend.obj
         Release\blob.obj
         Release\blobblend.obj
         Release\blobvertex.obj
         Release\box.obj
         Release\opengl.obj
         Release\quad.obj
     1>LINK : fatal error LNK1104: impossible d'ouvrir le fichier 'glut32.lib'
     1>Génération du projet "C:\Documents and Settings\icom\Mes documents\duff-si\duff-si\3D.vcxproj" terminée (build cible(s)) -- ÉCHEC.

ÉCHEC de la build.

Temps écoulé 00:00:06.40
